<?xml version="1.0" encoding="UTF-8"?>
<!-- Generated by org.testng.reporters.JUnitReportReporter -->
<testsuite hostname="DESKTOP-BT1474T" failures="0" tests="3" name="com.crm.qa.testcases.LoginPageTest" time="60.021" errors="0" timestamp="2023-07-24T19:10:16 IST" skipped="0">
  <testcase classname="com.crm.qa.testcases.LoginPageTest" name="loginPageTitleTest" time="17.041"/>
  <testcase classname="com.crm.qa.testcases.LoginPageTest" name="crmLogoImageTest" time="5.634"/>
  <testcase classname="com.crm.qa.testcases.LoginPageTest" name="loginTest" time="37.346"/>
</testsuite> <!-- com.crm.qa.testcases.LoginPageTest -->
